<?xml version="1.0" encoding="UTF-8"?>
<testng-results ignored="0" total="2" passed="2" failed="0" skipped="0">
  <reporter-output>
  </reporter-output>
  <suite started-at="2023-08-14T13:43:11 CDT" name="Surefire suite" finished-at="2023-08-14T13:43:18 CDT" duration-ms="6566">
    <groups>
    </groups>
    <test started-at="2023-08-14T13:43:11 CDT" name="Surefire test" finished-at="2023-08-14T13:43:18 CDT" duration-ms="6566">
      <class name="variousConcepts.LoginTest">
        <test-method is-config="true" signature="init()[pri:0, instance:variousConcepts.LoginTest@3bd82cf5]" started-at="2023-08-14T13:43:11 CDT" name="init" finished-at="2023-08-14T13:43:13 CDT" duration-ms="2032" status="PASS">
          <reporter-output>
          </reporter-output>
        </test-method> <!-- init -->
        <test-method signature="login()[pri:0, instance:variousConcepts.LoginTest@3bd82cf5]" started-at="2023-08-14T13:43:13 CDT" name="login" finished-at="2023-08-14T13:43:14 CDT" duration-ms="979" status="PASS">
          <reporter-output>
          </reporter-output>
        </test-method> <!-- login -->
        <test-method is-config="true" signature="tearDown()[pri:0, instance:variousConcepts.LoginTest@3bd82cf5]" started-at="2023-08-14T13:43:14 CDT" name="tearDown" finished-at="2023-08-14T13:43:14 CDT" duration-ms="137" status="PASS">
          <reporter-output>
          </reporter-output>
        </test-method> <!-- tearDown -->
      </class> <!-- variousConcepts.LoginTest -->
      <class name="variousConcepts.TestClass">
        <test-method signature="init()[pri:0, instance:variousConcepts.TestClass@2e377400]" started-at="2023-08-14T13:43:14 CDT" name="init" finished-at="2023-08-14T13:43:18 CDT" duration-ms="3404" status="PASS">
          <reporter-output>
          </reporter-output>
        </test-method> <!-- init -->
      </class> <!-- variousConcepts.TestClass -->
    </test> <!-- Surefire test -->
  </suite> <!-- Surefire suite -->
</testng-results>
